<?xml version="1.0" encoding="UTF-8"?>
<testng-results ignored="0" total="1" passed="1" failed="0" skipped="0">
  <reporter-output>
  </reporter-output>
  <suite started-at="2026-02-08T21:34:49 IST" name="Default suite" finished-at="2026-02-08T21:35:00 IST" duration-ms="11048">
    <groups>
    </groups>
    <test started-at="2026-02-08T21:34:49 IST" name="Default test" finished-at="2026-02-08T21:35:00 IST" duration-ms="11048">
      <class name="anirbansarkar.ExtentReports.ExtentReportDemo">
        <test-method is-config="true" signature="config()[pri:0, instance:anirbansarkar.ExtentReports.ExtentReportDemo@a1153bc]" started-at="2026-02-08T21:34:49 IST" name="config" finished-at="2026-02-08T21:34:50 IST" duration-ms="681" status="PASS">
          <reporter-output>
          </reporter-output>
        </test-method> <!-- config -->
        <test-method signature="initialDemo()[pri:0, instance:anirbansarkar.ExtentReports.ExtentReportDemo@a1153bc]" started-at="2026-02-08T21:34:50 IST" name="initialDemo" finished-at="2026-02-08T21:35:00 IST" duration-ms="10267" status="PASS">
          <reporter-output>
          </reporter-output>
        </test-method> <!-- initialDemo -->
      </class> <!-- anirbansarkar.ExtentReports.ExtentReportDemo -->
    </test> <!-- Default test -->
  </suite> <!-- Default suite -->
</testng-results>
